===== bioscan_B0_baseline_r64_v3 =====
geometry=hyperbolic  sel_text=indep  curv=1.0802  n=4878  ranks=['order', 'family', 'genus', 'species']
  species top-1 acc = 0.7858  (95% CI [0.7735, 0.7975], 916 species)
  inter-species proto dist = 1.0718  (separability)
  per-rank text  radius   aperture
    order     0.145    1.571
    family    0.164    1.571
    genus     0.175    1.571
    species   0.184    1.571
  edge            entail_ok  slack(ψp-ψc-angle)  fits%
    order->family    0.987      -1.427             0.00
    family->genus     0.984      -1.435             0.00
    genus->species   1.000      -1.307             0.00
  image in cone of:  order=0.00 family=0.05 genus=0.49 species=0.94 
  image radius = 0.824 ± 0.062   image-dir mean pairwise cos = 0.017 (1=collapsed, 0=spread)
  image<->own-species-text dist = 0.790
===== bioscan_C10_selcumulative_clangle_masksame_r64_v3 =====
geometry=hyperbolic  sel_text=cumul  curv=0.7044  n=4878  ranks=['order', 'family', 'genus', 'species']
  species top-1 acc = 0.7757  (95% CI [0.7638, 0.7868], 916 species)
  inter-species proto dist = 0.1285  (separability)
  per-rank text  radius   aperture
    order     0.206    1.571
    family    0.259    1.157
    genus     0.298    0.917
    species   0.361    0.709
  edge            entail_ok  slack(ψp-ψc-angle)  fits%
    order->family    0.995      -1.036             0.00
    family->genus     1.000      -0.685             0.00
    genus->species   0.996      -0.574             0.00
  image in cone of:  order=1.00 family=1.00 genus=0.99 species=0.81 
  image radius = 0.412 ± 0.003   image-dir mean pairwise cos = 0.930 (1=collapsed, 0=spread)
  image<->own-species-text dist = 0.061
===== bioscan_C1_seltext_cumulative_r64_v3 =====
geometry=hyperbolic  sel_text=cumul  curv=0.6520  n=4878  ranks=['order', 'family', 'genus', 'species']
  species top-1 acc = 0.6683  (95% CI [0.6552, 0.6808], 916 species)
  inter-species proto dist = 1.3928  (separability)
  per-rank text  radius   aperture
    order     0.174    1.570
    family    0.237    1.493
    genus     0.320    0.948
    species   0.960    0.237
  edge            entail_ok  slack(ψp-ψc-angle)  fits%
    order->family    0.995      -1.158             0.00
    family->genus     0.992      -0.753             0.00
    genus->species   0.990      -0.106             0.08
  image in cone of:  order=0.64 family=0.97 genus=0.96 species=0.39 
  image radius = 1.456 ± 0.022   image-dir mean pairwise cos = 0.002 (1=collapsed, 0=spread)
  image<->own-species-text dist = 0.560
===== bioscan_C2_selonly_cumulative_r64_v3 =====
geometry=hyperbolic  sel_text=cumul  curv=0.9974  n=4878  ranks=['order', 'family', 'genus', 'species']
  species top-1 acc = 0.5613  (95% CI [0.5478, 0.5746], 916 species)
  inter-species proto dist = 0.0587  (separability)
  per-rank text  radius   aperture
    order     0.016    1.571
    family    0.031    1.571
    genus     0.041    1.571
    species   0.047    1.571
  edge            entail_ok  slack(ψp-ψc-angle)  fits%
    order->family    1.000      -1.269             0.00
    family->genus     1.000      -1.289             0.00
    genus->species   1.000      -1.291             0.00
  image in cone of:  order=0.33 family=0.53 genus=0.78 species=0.90 
  image radius = 0.084 ± 0.011   image-dir mean pairwise cos = 0.288 (1=collapsed, 0=spread)
  image<->own-species-text dist = 0.067
===== bioscan_C3_selonly_independent_r64_v3 =====
geometry=hyperbolic  sel_text=indep  curv=0.9982  n=4878  ranks=['order', 'family', 'genus', 'species']
  species top-1 acc = 0.4223  (95% CI [0.4092, 0.4367], 916 species)
  inter-species proto dist = 0.0506  (separability)
  per-rank text  radius   aperture
    order     0.015    1.571
    family    0.031    1.571
    genus     0.043    1.571
    species   0.048    1.571
  edge            entail_ok  slack(ψp-ψc-angle)  fits%
    order->family    1.000      -1.234             0.00
    family->genus     1.000      -1.306             0.00
    genus->species   1.000      -1.299             0.00
  image in cone of:  order=0.41 family=0.62 genus=0.81 species=0.90 
  image radius = 0.086 ± 0.012   image-dir mean pairwise cos = 0.263 (1=collapsed, 0=spread)
  image<->own-species-text dist = 0.068
===== bioscan_C4_clonly_r64_v3 =====
geometry=hyperbolic  sel_text=indep  curv=1.3786  n=4878  ranks=['order', 'family', 'genus', 'species']
  species top-1 acc = 0.7968  (95% CI [0.7854, 0.8079], 916 species)
  inter-species proto dist = 1.0435  (separability)
  per-rank text  radius   aperture
    order     0.621    0.255
    family    0.620    0.260
    genus     0.578    0.287
    species   0.643    0.246
  edge            entail_ok  slack(ψp-ψc-angle)  fits%
    order->family    0.000      -2.316             0.00
    family->genus     0.000      -2.314             0.00
    genus->species   0.000      -1.881             0.00
  image in cone of:  order=0.00 family=0.00 genus=0.00 species=0.00 
  image radius = 0.810 ± 0.057   image-dir mean pairwise cos = 0.010 (1=collapsed, 0=spread)
  image<->own-species-text dist = 0.556
===== bioscan_C5_selcumulative_clangle_r64_v3 =====
geometry=hyperbolic  sel_text=cumul  curv=0.7038  n=4878  ranks=['order', 'family', 'genus', 'species']
  species top-1 acc = 0.7267  (95% CI [0.7142, 0.7388], 916 species)
  inter-species proto dist = 0.1111  (separability)
  per-rank text  radius   aperture
    order     0.214    1.571
    family    0.278    1.019
    genus     0.330    0.795
    species   0.401    0.623
  edge            entail_ok  slack(ψp-ψc-angle)  fits%
    order->family    0.995      -0.901             0.00
    family->genus     1.000      -0.601             0.00
    genus->species   0.995      -0.514             0.00
  image in cone of:  order=1.00 family=1.00 genus=0.99 species=0.87 
  image radius = 0.462 ± 0.003   image-dir mean pairwise cos = 0.961 (1=collapsed, 0=spread)
  image<->own-species-text dist = 0.070
===== bioscan_C6_selindependent_clangle_r64_v3 =====
geometry=hyperbolic  sel_text=indep  curv=0.7458  n=4878  ranks=['order', 'family', 'genus', 'species']
  species top-1 acc = 0.6716  (95% CI [0.6581, 0.6847], 916 species)
  inter-species proto dist = 0.1790  (separability)
  per-rank text  radius   aperture
    order     0.067    1.571
    family    0.103    1.571
    genus     0.158    1.571
    species   0.211    1.571
  edge            entail_ok  slack(ψp-ψc-angle)  fits%
    order->family    0.997      -1.363             0.00
    family->genus     0.990      -1.401             0.00
    genus->species   1.000      -1.270             0.00
  image in cone of:  order=0.00 family=0.01 genus=0.30 species=0.70 
  image radius = 0.617 ± 0.006   image-dir mean pairwise cos = 0.939 (1=collapsed, 0=spread)
  image<->own-species-text dist = 0.576
===== bioscan_C7_selindependent_cldistance_masksame_r64_v3 =====
geometry=hyperbolic  sel_text=indep  curv=1.0953  n=4878  ranks=['order', 'family', 'genus', 'species']
  species top-1 acc = 0.7745  (95% CI [0.7624, 0.7862], 916 species)
  inter-species proto dist = 1.1690  (separability)
  per-rank text  radius   aperture
    order     0.155    1.571
    family    0.170    1.571
    genus     0.178    1.571
    species   0.185    1.571
  edge            entail_ok  slack(ψp-ψc-angle)  fits%
    order->family    0.981      -1.440             0.00
    family->genus     0.975      -1.445             0.00
    genus->species   1.000      -1.320             0.00
  image in cone of:  order=0.03 family=0.09 genus=0.59 species=0.94 
  image radius = 0.846 ± 0.061   image-dir mean pairwise cos = 0.010 (1=collapsed, 0=spread)
  image<->own-species-text dist = 0.811
===== bioscan_C8_selcumulative_cldistance_masksame_r64_v3 =====
geometry=hyperbolic  sel_text=cumul  curv=0.6591  n=4878  ranks=['order', 'family', 'genus', 'species']
  species top-1 acc = 0.6603  (95% CI [0.6468, 0.6730], 916 species)
  inter-species proto dist = 1.4300  (separability)
  per-rank text  radius   aperture
    order     0.182    1.571
    family    0.234    1.503
    genus     0.312    0.981
    species   1.001    0.223
  edge            entail_ok  slack(ψp-ψc-angle)  fits%
    order->family    0.997      -1.197             0.00
    family->genus     0.994      -0.819             0.00
    genus->species   0.976      -0.102             0.09
  image in cone of:  order=0.64 family=0.95 genus=0.95 species=0.35 
  image radius = 1.524 ± 0.020   image-dir mean pairwise cos = 0.007 (1=collapsed, 0=spread)
  image<->own-species-text dist = 0.590
===== bioscan_C9_selindependent_clangle_masksame_r64_v3 =====
geometry=hyperbolic  sel_text=indep  curv=0.7628  n=4878  ranks=['order', 'family', 'genus', 'species']
  species top-1 acc = 0.7579  (95% CI [0.7458, 0.7698], 916 species)
  inter-species proto dist = 0.2082  (separability)
  per-rank text  radius   aperture
    order     0.077    1.571
    family    0.109    1.571
    genus     0.158    1.571
    species   0.206    1.571
  edge            entail_ok  slack(ψp-ψc-angle)  fits%
    order->family    0.993      -1.373             0.00
    family->genus     0.984      -1.409             0.00
    genus->species   1.000      -1.252             0.00
  image in cone of:  order=0.00 family=0.01 genus=0.32 species=0.74 
  image radius = 0.601 ± 0.005   image-dir mean pairwise cos = 0.910 (1=collapsed, 0=spread)
  image<->own-species-text dist = 0.560
===== bioscan_E_euclidean_r64_v3 =====
geometry=euclidean  sel_text=indep  curv=1.0000  n=4878  ranks=['order', 'family', 'genus', 'species']
  species top-1 acc = 0.8411  (95% CI [0.8307, 0.8510], 916 species)
  inter-species proto dist = 0.9942  (separability)
  (euclidean: cone/entailment geometry n/a)

✅ all diagnostics done — update docs/geometry-diagnostics.md
